This is pdfTeXk, Version 3.1415926-1.40.9 (Web2C 7.5.7) (format=pdflatex 2008.11.8)  14 SEP 2010 10:13
entering extended mode
\write18 enabled.
 %&-line parsing enabled.
**UserGuide.tex
(./UserGuide.tex
LaTeX2e <2005/12/01>
Babel <v3.8l> and hyphenation patterns for english, usenglishmax, dumylang, noh
yphenation, german-x-2008-06-18, ngerman-x-2008-06-18, ancientgreek, ibycus, ar
abic, basque, bulgarian, catalan, pinyin, coptic, croatian, czech, danish, dutc
h, esperanto, estonian, farsi, finnish, french, galician, german, ngerman, mono
greek, greek, hungarian, icelandic, indonesian, interlingua, irish, italian, la
tin, mongolian, mongolian2a, bokmal, nynorsk, polish, portuguese, romanian, rus
sian, sanskrit, serbian, slovak, slovenian, spanish, swedish, turkish, ukenglis
h, ukrainian, uppersorbian, welsh, loaded.
(/usr/local/texlive/2008/texmf-dist/tex/latex/base/article.cls
Document Class: article 2005/09/16 v1.4f Standard LaTeX document class
(/usr/local/texlive/2008/texmf-dist/tex/latex/base/size12.clo
File: size12.clo 2005/09/16 v1.4f Standard LaTeX file (size option)
)
\c@part=\count79
\c@section=\count80
\c@subsection=\count81
\c@subsubsection=\count82
\c@paragraph=\count83
\c@subparagraph=\count84
\c@figure=\count85
\c@table=\count86
\abovecaptionskip=\skip41
\belowcaptionskip=\skip42
\bibindent=\dimen102
)
(/usr/local/texlive/2008/texmf-dist/tex/latex/geometry/geometry.sty
Package: geometry 2002/07/08 v3.2 Page Geometry

(/usr/local/texlive/2008/texmf-dist/tex/latex/graphics/keyval.sty
Package: keyval 1999/03/16 v1.13 key=value parser (DPC)
\KV@toks@=\toks14
)
\Gm@cnth=\count87
\Gm@cntv=\count88
\c@Gm@tempcnt=\count89
\Gm@bindingoffset=\dimen103
\Gm@wd@mp=\dimen104
\Gm@odd@mp=\dimen105
\Gm@even@mp=\dimen106
\Gm@dimlist=\toks15

(/usr/local/texlive/2008/texmf-dist/tex/xelatex/xetexconfig/geometry.cfg))
(/usr/local/texlive/2008/texmf-dist/tex/latex/graphics/epsfig.sty
Package: epsfig 1999/02/16 v1.7a (e)psfig emulation (SPQR)

(/usr/local/texlive/2008/texmf-dist/tex/latex/graphics/graphicx.sty
Package: graphicx 1999/02/16 v1.0f Enhanced LaTeX Graphics (DPC,SPQR)

(/usr/local/texlive/2008/texmf-dist/tex/latex/graphics/graphics.sty
Package: graphics 2006/02/20 v1.0o Standard LaTeX Graphics (DPC,SPQR)

(/usr/local/texlive/2008/texmf-dist/tex/latex/graphics/trig.sty
Package: trig 1999/03/16 v1.09 sin cos tan (DPC)
)
(/usr/local/texlive/2008/texmf/tex/latex/config/graphics.cfg
File: graphics.cfg 2007/01/18 v1.5 graphics configuration of teTeX/TeXLive
)
Package graphics Info: Driver file: pdftex.def on input line 90.

(/usr/local/texlive/2008/texmf-dist/tex/latex/pdftex-def/pdftex.def
File: pdftex.def 2008/07/16 v0.04k Graphics/color for pdfTeX
\Gread@gobject=\count90
))
\Gin@req@height=\dimen107
\Gin@req@width=\dimen108
)
\epsfxsize=\dimen109
\epsfysize=\dimen110
)
(/usr/local/texlive/2008/texmf-dist/tex/latex/amsmath/amsmath.sty
Package: amsmath 2000/07/18 v2.13 AMS math features
\@mathmargin=\skip43

For additional information on amsmath, use the `?' option.
(/usr/local/texlive/2008/texmf-dist/tex/latex/amsmath/amstext.sty
Package: amstext 2000/06/29 v2.01

(/usr/local/texlive/2008/texmf-dist/tex/latex/amsmath/amsgen.sty
File: amsgen.sty 1999/11/30 v2.0
\@emptytoks=\toks16
\ex@=\dimen111
))
(/usr/local/texlive/2008/texmf-dist/tex/latex/amsmath/amsbsy.sty
Package: amsbsy 1999/11/29 v1.2d
\pmbraise@=\dimen112
)
(/usr/local/texlive/2008/texmf-dist/tex/latex/amsmath/amsopn.sty
Package: amsopn 1999/12/14 v2.01 operator names
)
\inf@bad=\count91
LaTeX Info: Redefining \frac on input line 211.
\uproot@=\count92
\leftroot@=\count93
LaTeX Info: Redefining \overline on input line 307.
\classnum@=\count94
\DOTSCASE@=\count95
LaTeX Info: Redefining \ldots on input line 379.
LaTeX Info: Redefining \dots on input line 382.
LaTeX Info: Redefining \cdots on input line 467.
\Mathstrutbox@=\box26
\strutbox@=\box27
\big@size=\dimen113
LaTeX Font Info:    Redeclaring font encoding OML on input line 567.
LaTeX Font Info:    Redeclaring font encoding OMS on input line 568.
\macc@depth=\count96
\c@MaxMatrixCols=\count97
\dotsspace@=\muskip10
\c@parentequation=\count98
\dspbrk@lvl=\count99
\tag@help=\toks17
\row@=\count100
\column@=\count101
\maxfields@=\count102
\andhelp@=\toks18
\eqnshift@=\dimen114
\alignsep@=\dimen115
\tagshift@=\dimen116
\tagwidth@=\dimen117
\totwidth@=\dimen118
\lineht@=\dimen119
\@envbody=\toks19
\multlinegap=\skip44
\multlinetaggap=\skip45
\mathdisplay@stack=\toks20
LaTeX Info: Redefining \[ on input line 2666.
LaTeX Info: Redefining \] on input line 2667.
)
(/usr/local/texlive/2008/texmf-dist/tex/latex/natbib/natbib.sty
Package: natbib 2007/10/30 8.1 (PWD)
\bibhang=\skip46
\bibsep=\skip47
LaTeX Info: Redefining \cite on input line 602.
\c@NAT@ctr=\count103
)
(./UserGuide.aux)
\openout1 = `UserGuide.aux'.

LaTeX Font Info:    Checking defaults for OML/cmm/m/it on input line 20.
LaTeX Font Info:    ... okay on input line 20.
LaTeX Font Info:    Checking defaults for T1/cmr/m/n on input line 20.
LaTeX Font Info:    ... okay on input line 20.
LaTeX Font Info:    Checking defaults for OT1/cmr/m/n on input line 20.
LaTeX Font Info:    ... okay on input line 20.
LaTeX Font Info:    Checking defaults for OMS/cmsy/m/n on input line 20.
LaTeX Font Info:    ... okay on input line 20.
LaTeX Font Info:    Checking defaults for OMX/cmex/m/n on input line 20.
LaTeX Font Info:    ... okay on input line 20.
LaTeX Font Info:    Checking defaults for U/cmr/m/n on input line 20.
LaTeX Font Info:    ... okay on input line 20.
-------------------- Geometry parameters
paper: a4paper
landscape: --
twocolumn: --
twoside: --
asymmetric: --
h-parts: 89.62709pt, 0.7\paperwidth , 89.6271pt (default)
v-parts: 101.40665pt, 0.7\paperheight , 152.11pt (default)
hmarginratio: 1:1
vmarginratio: 2:3
lines: --
heightrounded: --
bindingoffset: 0.0pt
truedimen: --
includehead: --
includefoot: --
includemp: --
driver: pdftex
-------------------- Page layout dimensions and switches
\paperwidth  597.50787pt
\paperheight 845.04684pt
\textwidth  418.25368pt
\textheight 591.5302pt
\oddsidemargin  17.3571pt
\evensidemargin 17.3571pt
\topmargin  -7.86334pt
\headheight 12.0pt
\headsep    25.0pt
\footskip   30.0pt
\marginparwidth 44.0pt
\marginparsep   10.0pt
\columnsep  10.0pt
\skip\footins  10.8pt plus 4.0pt minus 2.0pt
\hoffset 0.0pt
\voffset 0.0pt
\mag 1000

(1in=72.27pt, 1cm=28.45pt)
-----------------------

(/usr/local/texlive/2008/texmf-dist/tex/context/base/supp-pdf.tex
[Loading MPS to PDF converter (version 2006.09.02).]
\scratchcounter=\count104
\scratchdimen=\dimen120
\scratchbox=\box28
\nofMPsegments=\count105
\nofMParguments=\count106
\everyMPshowfont=\toks21
\MPscratchCnt=\count107
\MPscratchDim=\dimen121
\MPnumerator=\count108
\everyMPtoPDFconversion=\toks22
) (./UserGuide.toc)
\tf@toc=\write3
\openout3 = `UserGuide.toc'.

 [1

{/usr/local/texlive/2008/texmf-var/fonts/map/pdftex/updmap/pdftex.map}]
Missing character: There is no Õ in font cmr10!
Missing character: There is no Ò in font cmr12!
Missing character: There is no Ó in font cmr12!

Overfull \hbox (2.1614pt too wide) in paragraph at lines 33--34
\OT1/cmr/m/n/12 Pecube was ini-tially de-signed to pre-dict cool-ing ages for l
ow-temperature chronome-
 []

[2] [3] [4] [5] [6] [7] [8] [9]
<coordinatesystem.pdf, id=40, 284.52798pt x 199.1691pt>
File: coordinatesystem.pdf Graphic file (type pdf)

<use coordinatesystem.pdf> [10] [11 <./coordinatesystem.pdf>]
<segments.pdf, id=68, 341.4326pt x 512.14938pt>
File: segments.pdf Graphic file (type pdf)
 <use segments.pdf> [12 <./segments.pdf>] [13]
Overfull \hbox (4.28082pt too wide) in paragraph at lines 215--216
[]\OT1/cmr/m/n/12 Note that the pre-dicted de-tri-tal ages must be weighted by 
the pre-dicted/imposed
 []

[14] [15]
Underfull \hbox (badness 10000) in paragraph at lines 256--258

 []

<PecubeKingsCanyon1.pdf, id=108, 535.32315pt x 378.00371pt>
File: PecubeKingsCanyon1.pdf Graphic file (type pdf)

<use PecubeKingsCanyon1.pdf>
Overfull \hbox (8.53766pt too wide) in paragraph at lines 265--265
 [][] 
 []

<PecubeKingsCanyon2.pdf, id=109, 522.21313pt x 360.52382pt>
File: PecubeKingsCanyon2.pdf Graphic file (type pdf)

<use PecubeKingsCanyon2.pdf>
Overfull \hbox (8.53766pt too wide) in paragraph at lines 271--272
 [][] 
 []


Overfull \hbox (5.23283pt too wide) in paragraph at lines 276--277
\OT1/cmr/m/n/12 Al-ter-na-tively you can copy the \OT1/cmr/m/it/12 fault[]param
eters.txt.Inversion \OT1/cmr/m/n/12 to \OT1/cmr/m/it/12 fault[]parameters.txt
 []

<PecubeKingsCanyonNA.pdf, id=110, 491.62323pt x 329.93384pt>
File: PecubeKingsCanyonNA.pdf Graphic file (type pdf)

<use PecubeKingsCanyonNA.pdf>
Overfull \hbox (8.53766pt too wide) in paragraph at lines 286--286
 [][] 
 []


Overfull \hbox (28.2474pt too wide) in paragraph at lines 293--294
\OT1/cmr/m/n/12 The two in-put files are \OT1/cmr/m/it/12 topo[]parameters.txt.
Whataroa \OT1/cmr/m/n/12 and \OT1/cmr/m/it/12 fault[]parameters.txt.Whataroa\OT
1/cmr/m/n/12 .
 []

[16] [17 <./PecubeKingsCanyon1.pdf>] [18 <./PecubeKingsCanyon2.pdf>] [19 <./Pec
ubeKingsCanyonNA.pdf>] <PecubeWhataroa4.pdf, id=148, 555.71635pt x 360.5237pt>
File: PecubeWhataroa4.pdf Graphic file (type pdf)

<use PecubeWhataroa4.pdf>
Overfull \hbox (8.53766pt too wide) in paragraph at lines 301--301
 [][] 
 []

[20] [21 <./PecubeWhataroa4.pdf>]
<PecubeWhataroa1.pdf, id=163, 562.27142pt x 346.6855pt>
File: PecubeWhataroa1.pdf Graphic file (type pdf)

<use PecubeWhataroa1.pdf>
Overfull \hbox (8.53766pt too wide) in paragraph at lines 314--314
 [][] 
 []

[22 <./PecubeWhataroa1.pdf>]
<PecubeWhataroa5.pdf, id=175, 566.64139pt x 363.43712pt>
File: PecubeWhataroa5.pdf Graphic file (type pdf)

<use PecubeWhataroa5.pdf>
Overfull \hbox (8.53766pt too wide) in paragraph at lines 323--323
 [][] 
 []


Overfull \hbox (42.53584pt too wide) in paragraph at lines 332--333
\OT1/cmr/m/n/12 run need to be stored in the \OT1/cmr/m/it/12 cas-cade[]output 
\OT1/cmr/m/n/12 sub-di-rec-tory be-fore run-ning \OT1/cmr/m/it/12 bin/cascade2P
ecube
 []

[23 <./PecubeWhataroa5.pdf>] <D0.pdf, id=187, 597.23125pt x 845.1575pt>
File: D0.pdf Graphic file (type pdf)

<use D0.pdf> <D1.pdf, id=188, 597.23125pt x 845.1575pt>
File: D1.pdf Graphic file (type pdf)
 <use D1.pdf>
<D2.pdf, id=189, 597.23125pt x 845.1575pt>
File: D2.pdf Graphic file (type pdf)
 <use D2.pdf>
<D3.pdf, id=190, 597.23125pt x 845.1575pt>
File: D3.pdf Graphic file (type pdf)
 <use D3.pdf>
<D4.pdf, id=191, 597.23125pt x 845.1575pt>
File: D4.pdf Graphic file (type pdf)
 <use D4.pdf>
<D5.pdf, id=192, 597.23125pt x 845.1575pt>
File: D5.pdf Graphic file (type pdf)
 <use D5.pdf>

LaTeX Warning: Float too large for page by 61.56363pt on input line 345.

(./UserGuide.bbl [24] [25 <./D0.pdf> <./D1.pdf> <./D2.pdf> <./D3.pdf> <./D4.pdf
> <./D5.pdf>]) [26] (./UserGuide.aux) ) 
Here is how much of TeX's memory you used:
 2214 strings out of 493886
 28229 string characters out of 1151099
 86955 words of memory out of 3000000
 5483 multiletter control sequences out of 10000+50000
 11240 words of font info for 40 fonts, out of 3000000 for 5000
 714 hyphenation exceptions out of 8191
 32i,6n,21p,1429b,240s stack positions out of 5000i,500n,10000p,200000b,50000s
</usr/local/texlive/2008/texmf-dist/font
s/type1/bluesky/cm/cmbx10.pfb></usr/local/texlive/2008/texmf-dist/fonts/type1/b
luesky/cm/cmbx12.pfb></usr/local/texlive/2008/texmf-dist/fonts/type1/bluesky/cm
/cmmi12.pfb></usr/local/texlive/2008/texmf-dist/fonts/type1/bluesky/cm/cmmi8.pf
b></usr/local/texlive/2008/texmf-dist/fonts/type1/bluesky/cm/cmr10.pfb></usr/lo
cal/texlive/2008/texmf-dist/fonts/type1/bluesky/cm/cmr12.pfb></usr/local/texliv
e/2008/texmf-dist/fonts/type1/bluesky/cm/cmr17.pfb></usr/local/texlive/2008/tex
mf-dist/fonts/type1/bluesky/cm/cmr8.pfb></usr/local/texlive/2008/texmf-dist/fon
ts/type1/bluesky/cm/cmsl12.pfb></usr/local/texlive/2008/texmf-dist/fonts/type1/
bluesky/cm/cmsy10.pfb></usr/local/texlive/2008/texmf-dist/fonts/type1/bluesky/c
m/cmsy8.pfb></usr/local/texlive/2008/texmf-dist/fonts/type1/bluesky/cm/cmti12.p
fb>
Output written on UserGuide.pdf (26 pages, 2039957 bytes).
PDF statistics:
 749 PDF objects out of 1000 (max. 8388607)
 0 named destinations out of 1000 (max. 131072)
 71 words of extra memory for PDF output out of 10000 (max. 10000000)

